<?xml version="1.0" encoding="UTF-8"?>
<!-- Generated by org.testng.reporters.JUnitReportReporter -->
<testsuite hostname="DESKTOP-7EUDCAL" failures="0" tests="3" name="DataProiverLogin" time="7.671" errors="0" timestamp="2024-01-09T21:15:47 GMT-05:00" skipped="0">
  <testcase classname="DataProiverLogin" name="method" time="2.229"/>
  <system-out/>
  <testcase classname="DataProiverLogin" name="method" time="3.147"/>
  <system-out/>
  <testcase classname="DataProiverLogin" name="method" time="2.295"/>
  <system-out/>
</testsuite> <!-- DataProiverLogin -->
