<?xml version="1.0" encoding="UTF-8"?>
<!-- Generated by org.testng.reporters.JUnitReportReporter -->
<testsuite hostname="DESKTOP-7EUDCAL" failures="0" tests="2" name="ParallelTests" time="14.607" errors="0" timestamp="2024-01-09T20:50:36 GMT-05:00" skipped="0">
  <testcase classname="ParallelTests" name="login" time="7.047"/>
  <system-out/>
  <testcase classname="ParallelTests" name="logout" time="7.560"/>
  <system-out/>
</testsuite> <!-- ParallelTests -->
