<?xml version="1.0" encoding="UTF-8"?>
<!-- Generated by org.testng.reporters.JUnitReportReporter -->
<testsuite hostname="DESKTOP-7EUDCAL" failures="0" tests="10" name="MutlipleExecution" time="0.026" errors="0" timestamp="2024-01-09T20:35:30 GMT-05:00" skipped="0">
  <testcase classname="MutlipleExecution" name="test1" time="0.002"/>
  <system-out/>
  <testcase classname="MutlipleExecution" name="test1" time="0.001"/>
  <system-out/>
  <testcase classname="MutlipleExecution" name="test1" time="0.003"/>
  <system-out/>
  <testcase classname="MutlipleExecution" name="test1" time="0.001"/>
  <system-out/>
  <testcase classname="MutlipleExecution" name="test1" time="0.002"/>
  <system-out/>
  <testcase classname="MutlipleExecution" name="test1" time="0.001"/>
  <system-out/>
  <testcase classname="MutlipleExecution" name="test1" time="0.003"/>
  <system-out/>
  <testcase classname="MutlipleExecution" name="test1" time="0.002"/>
  <system-out/>
  <testcase classname="MutlipleExecution" name="test1" time="0.010"/>
  <system-out/>
  <testcase classname="MutlipleExecution" name="test1" time="0.001"/>
  <system-out/>
</testsuite> <!-- MutlipleExecution -->
