<?xml version="1.0" encoding="UTF-8"?>
<!-- Generated by org.testng.reporters.JUnitReportReporter -->
<testsuite hostname="DESKTOP-7EUDCAL" failures="0" tests="1" name="GroupsEx" time="0.008" errors="0" timestamp="2024-01-09T20:18:51 GMT-05:00" skipped="0">
  <testcase classname="GroupsEx" name="logut" time="0.008"/>
  <system-out/>
</testsuite> <!-- GroupsEx -->
