<?xml version="1.0" encoding="UTF-8"?>
<!-- Generated by org.testng.reporters.JUnitReportReporter -->
<testsuite hostname="DESKTOP-7EUDCAL" failures="0" tests="3" name="Prior" time="0.011" errors="0" timestamp="2024-01-15T19:55:18 GMT-05:00" skipped="0">
  <testcase classname="Prior" name="c" time="0.009"/>
  <system-out/>
  <testcase classname="Prior" name="b" time="0.001"/>
  <system-out/>
  <testcase classname="Prior" name="a" time="0.001"/>
  <system-out/>
</testsuite> <!-- Prior -->
