<?xml version="1.0" encoding="UTF-8"?>
<!-- Generated by org.testng.reporters.JUnitReportReporter -->
<testsuite hostname="DESKTOP-7EUDCAL" failures="0" tests="1" name="ExpectedExceptionEx" time="0.011" errors="0" timestamp="2024-01-09T20:41:59 GMT-05:00" skipped="0">
  <testcase classname="ExpectedExceptionEx" name="test1" time="0.011"/>
  <system-out/>
</testsuite> <!-- ExpectedExceptionEx -->
