<?xml version="1.0" encoding="UTF-8"?>
<!-- Generated by org.testng.reporters.JUnitReportReporter -->
<testsuite hostname="DESKTOP-7EUDCAL" failures="0" tests="5" name="IgnoreTestEx" time="0.017" errors="0" timestamp="2024-01-10T20:04:49 GMT-05:00" skipped="0">
  <testcase classname="IgnoreTestEx" name="test4" time="0.003"/>
  <system-out/>
  <testcase classname="IgnoreTestEx" name="test1" time="0.010"/>
  <system-out/>
  <testcase classname="IgnoreTestEx" name="test3" time="0.001"/>
  <system-out/>
  <testcase classname="IgnoreTestEx" name="test2" time="0.001"/>
  <system-out/>
  <testcase classname="IgnoreTestEx" name="test5" time="0.002"/>
  <system-out/>
</testsuite> <!-- IgnoreTestEx -->
