<?xml version="1.0" encoding="UTF-8"?>
<!-- Generated by org.testng.reporters.JUnitReportReporter -->
<testsuite hostname="DESKTOP-7EUDCAL" failures="0" tests="3" name="DataProviderEx" time="0.009" errors="0" timestamp="2024-01-09T21:15:12 GMT-05:00" skipped="0">
  <testcase classname="DataProviderEx" name="method" time="0.001"/>
  <system-out/>
  <testcase classname="DataProviderEx" name="method" time="0.007"/>
  <system-out/>
  <testcase classname="DataProviderEx" name="method" time="0.001"/>
  <system-out/>
</testsuite> <!-- DataProviderEx -->
