<?xml version="1.0" encoding="UTF-8"?>
<!-- Generated by org.testng.reporters.JUnitReportReporter -->
<testsuite hostname="DESKTOP-7EUDCAL" failures="0" tests="3" name="Depends" time="0.013" errors="0" timestamp="2024-01-09T21:14:33 GMT-05:00" skipped="0">
  <testcase classname="Depends" name="login" time="0.010"/>
  <system-out/>
  <testcase classname="Depends" name="navigationMenu" time="0.002"/>
  <system-out/>
  <testcase classname="Depends" name="Menu" time="0.001"/>
  <system-out/>
</testsuite> <!-- Depends -->
