<?xml version="1.0" encoding="UTF-8"?>
<!-- Generated by org.testng.reporters.JUnitReportReporter -->
<testsuite hostname="DESKTOP-7EUDCAL" failures="0" tests="2" name="ParameterEx" time="9.588" errors="0" timestamp="2024-01-09T21:12:21 GMT-05:00" skipped="0">
  <testcase classname="ParameterEx" name="login" time="4.252"/>
  <system-out/>
  <testcase classname="ParameterEx" name="login" time="5.336"/>
  <system-out/>
</testsuite> <!-- ParameterEx -->
