<?xml version="1.0" encoding="UTF-8"?>
<!-- Generated by org.testng.reporters.JUnitReportReporter -->
<testsuite hostname="DESKTOP-7EUDCAL" failures="0" tests="5" name="PriortyTestng" time="0.016" errors="0" timestamp="2024-01-09T20:08:04 GMT-05:00" skipped="0">
  <testcase classname="PriortyTestng" name="addtocart" time="0.008"/>
  <system-out/>
  <testcase classname="PriortyTestng" name="login" time="0.002"/>
  <system-out/>
  <testcase classname="PriortyTestng" name="settings" time="0.002"/>
  <system-out/>
  <testcase classname="PriortyTestng" name="logut" time="0.002"/>
  <system-out/>
  <testcase classname="PriortyTestng" name="order" time="0.002"/>
  <system-out/>
</testsuite> <!-- PriortyTestng -->
