<?xml version="1.0" encoding="UTF-8"?>
<!-- Generated by org.testng.reporters.JUnitReportReporter -->
<testsuite hostname="DESKTOP-7EUDCAL" failures="0" tests="1" name="SauceTestCases.AddtoCart" time="6.604" errors="0" timestamp="2024-01-08T20:44:23 GMT-05:00" skipped="0">
  <testcase classname="SauceTestCases.AddtoCart" name="addtocartest" time="6.604"/>
  <system-out/>
</testsuite> <!-- SauceTestCases.AddtoCart -->
