<?xml version="1.0" encoding="UTF-8"?>
<!-- Generated by org.testng.reporters.JUnitReportReporter -->
<testsuite hostname="DESKTOP-7EUDCAL" failures="0" tests="1" name="Annotations.AnnotTest" time="0.002" errors="0" timestamp="2024-01-08T21:06:34 GMT-05:00" skipped="0">
  <testcase classname="Annotations.AnnotTest" name="m1" time="0.002"/>
  <system-out/>
</testsuite> <!-- Annotations.AnnotTest -->
