<?xml version="1.0" encoding="UTF-8"?>
<!-- Generated by org.testng.reporters.JUnitReportReporter -->
<testsuite hostname="DESKTOP-7EUDCAL" failures="0" tests="1" name="SampleTest" time="0.012" errors="0" timestamp="2024-01-08T20:10:49 GMT-05:00" skipped="0">
  <testcase classname="SampleTest" name="method2" time="0.012"/>
  <system-out/>
</testsuite> <!-- SampleTest -->
