<?xml version="1.0" encoding="UTF-8"?>
<!-- Generated by org.testng.reporters.JUnitReportReporter -->
<testsuite hostname="DESKTOP-7EUDCAL" failures="0" tests="2" name="Annotations.Annotation_Examples" time="0.016" errors="0" timestamp="2024-01-08T21:06:34 GMT-05:00" skipped="0">
  <testcase classname="Annotations.Annotation_Examples" name="method2" time="0.003"/>
  <system-out/>
  <testcase classname="Annotations.Annotation_Examples" name="method1" time="0.013"/>
  <system-out/>
</testsuite> <!-- Annotations.Annotation_Examples -->
