<?xml version="1.0" encoding="UTF-8"?>
<!-- Generated by org.testng.reporters.JUnitReportReporter -->
<testsuite hostname="DESKTOP-7EUDCAL" failures="0" tests="1" name="SauceTestCases.Logout" time="3.145" errors="0" timestamp="2024-01-08T20:44:23 GMT-05:00" skipped="0">
  <testcase classname="SauceTestCases.Logout" name="logouttest" time="3.145"/>
  <system-out/>
</testsuite> <!-- SauceTestCases.Logout -->
