<?xml version="1.0" encoding="UTF-8"?>
<!-- Generated by org.testng.reporters.JUnitReportReporter -->
<testsuite hostname="DESKTOP-7EUDCAL" failures="0" tests="2" name="com.sauce.testcases.LoginTest" time="6.464" errors="0" timestamp="2024-01-12T20:50:08 GMT-05:00" skipped="0">
  <testcase classname="com.sauce.testcases.LoginTest" name="inValidLogin" time="3.108"/>
  <system-out/>
  <testcase classname="com.sauce.testcases.LoginTest" name="validLogin" time="3.356"/>
  <system-out/>
</testsuite> <!-- com.sauce.testcases.LoginTest -->
