<?xml version="1.0" encoding="UTF-8"?>
<!-- Generated by org.testng.reporters.JUnitReportReporter -->
<testsuite hostname="DESKTOP-7EUDCAL" failures="0" tests="1" name="com.sauce.testcases.AddtoCartTest" time="7.656" errors="0" timestamp="2024-01-11T21:09:09 GMT-05:00" skipped="0">
  <testcase classname="com.sauce.testcases.AddtoCartTest" name="addtocarttest" time="7.656"/>
  <system-out/>
</testsuite> <!-- com.sauce.testcases.AddtoCartTest -->
