<?xml version="1.0" encoding="UTF-8"?>
<!-- Generated by org.testng.reporters.JUnitReportReporter -->
<testsuite hostname="DESKTOP-7EUDCAL" failures="0" tests="2" name="com.sauce.testcases.LoginTest" time="6.282" errors="0" timestamp="2024-01-11T20:47:47 GMT-05:00" skipped="0">
  <testcase classname="com.sauce.testcases.LoginTest" name="validLogin" time="2.693"/>
  <system-out/>
  <testcase classname="com.sauce.testcases.LoginTest" name="inValidLogin" time="3.589"/>
  <system-out/>
</testsuite> <!-- com.sauce.testcases.LoginTest -->
